<?xml version="1.0" encoding="UTF-8"?>
<!-- Generated by org.testng.reporters.JUnitReportReporter -->
<testsuite hostname="DESKTOP-3HN3UQ3" failures="0" tests="3" name="demo.TestNGDependencyDemo" time="0.007" errors="0" timestamp="12 Jun 2022 21:37:35 GMT">
  <testcase classname="demo.TestNGDependencyDemo" name="test1" time="0.001"/>
  <testcase classname="demo.TestNGDependencyDemo" name="test3" time="0.001"/>
  <testcase classname="demo.TestNGDependencyDemo" name="test2" time="0.005"/>
</testsuite> <!-- demo.TestNGDependencyDemo -->
