<?xml version="1.0" encoding="UTF-8"?>
<!-- Generated by org.testng.reporters.JUnitReportReporter -->
<testsuite hostname="DESKTOP-3HN3UQ3" failures="0" tests="1" name="demo.TestNGMultiBrowserDemo" time="5.719" errors="0" timestamp="9 Jun 2022 15:10:15 GMT">
  <testcase classname="demo.TestNGMultiBrowserDemo" name="test1" time="5.719"/>
</testsuite> <!-- demo.TestNGMultiBrowserDemo -->
