<?xml version="1.0" encoding="UTF-8"?>
<!-- Generated by org.testng.reporters.JUnitReportReporter -->
<testsuite hostname="DESKTOP-3HN3UQ3" failures="0" tests="1" name="demo.TestNGParametersDemo" time="0.004" errors="0" timestamp="2022-09-21T23:21:33 CEST" skipped="0">
  <testcase classname="demo.TestNGParametersDemo" name="test" time="0.004"/>
  <system-out/>
</testsuite> <!-- demo.TestNGParametersDemo -->
