<?xml version="1.0" encoding="UTF-8"?>
<!-- Generated by org.testng.reporters.JUnitReportReporter -->
<testsuite hostname="DESKTOP-3HN3UQ3" failures="0" tests="3" name="utils.ExcelDataProvider" time="17.166" errors="0" timestamp="20 May 2022 14:37:26 GMT">
  <testcase classname="utils.ExcelDataProvider" name="test1" time="4.699"/>
  <testcase classname="utils.ExcelDataProvider" name="test1" time="7.868"/>
  <testcase classname="utils.ExcelDataProvider" name="test1" time="4.599"/>
</testsuite> <!-- utils.ExcelDataProvider -->
