<?xml version="1.0" encoding="UTF-8"?>
<!-- Generated by org.testng.reporters.JUnitReportReporter -->
<testsuite hostname="PRZEMEK-KOMP" failures="0" tests="1" name="test.RunTheAutomationPracticeSiteWithTestNG" time="36.489" errors="0" timestamp="2022-10-26T15:04:23 CEST" skipped="0">
  <testcase classname="test.RunTheAutomationPracticeSiteWithTestNG" name="startAutomatinPractice" time="36.489"/>
  <system-out/>
</testsuite> <!-- test.RunTheAutomationPracticeSiteWithTestNG -->
