<?xml version="1.0" encoding="UTF-8"?>
<!-- Generated by org.testng.reporters.JUnitReportReporter -->
<testsuite hostname="EMI_LAPTOP" failures="0" tests="1" name="test.TestNG_Demo" time="2.686" errors="0" timestamp="2021-12-17T00:00:01 CET" skipped="0">
  <testcase classname="test.TestNG_Demo" name="googleSearch" time="2.686"/>
  <system-out/>
</testsuite> <!-- test.TestNG_Demo -->
