<?xml version="1.0" encoding="UTF-8"?>
<!-- Generated by org.testng.reporters.JUnitReportReporter -->
<testsuite hostname="DESKTOP-3HN3UQ3" failures="0" tests="3" name="demo.TestNGPriorityDemo" time="0.006" errors="0" timestamp="7 Jun 2022 14:51:04 GMT">
  <testcase classname="demo.TestNGPriorityDemo" name="two" time="0.000"/>
  <testcase classname="demo.TestNGPriorityDemo" name="one" time="0.005"/>
  <testcase classname="demo.TestNGPriorityDemo" name="three" time="0.001"/>
</testsuite> <!-- demo.TestNGPriorityDemo -->
