<?xml version="1.0" encoding="UTF-8"?>
<!-- Generated by org.testng.reporters.JUnitReportReporter -->
<testsuite hostname="DESKTOP-3HN3UQ3" failures="0" tests="3" name="utils.ExcelDataProvider" time="15.932" errors="0" timestamp="20 May 2022 19:26:17 GMT">
  <testcase classname="utils.ExcelDataProvider" name="test1" time="4.478"/>
  <testcase classname="utils.ExcelDataProvider" name="test1" time="6.930"/>
  <testcase classname="utils.ExcelDataProvider" name="test1" time="4.524"/>
</testsuite> <!-- utils.ExcelDataProvider -->
