<?xml version="1.0" encoding="UTF-8"?>
<!-- Generated by org.testng.reporters.JUnitReportReporter -->
<testsuite hostname="EMI_LAPTOP" failures="0" tests="1" name="test.TestNG_Demo" time="2.683" errors="0" timestamp="2021-12-16T23:38:15 CET" skipped="0">
  <testcase classname="test.TestNG_Demo" name="googleSearch" time="2.683"/>
  <system-out/>
</testsuite> <!-- test.TestNG_Demo -->
