<?xml version="1.0" encoding="UTF-8"?>
<!-- Generated by org.testng.reporters.JUnitReportReporter -->
<testsuite hostname="DESKTOP-3HN3UQ3" failures="0" tests="2" name="demo.TestNGIgnoreDemo" time="0.004" errors="0" timestamp="2022-06-13T23:15:44 CEST" skipped="1">
  <testcase classname="demo.TestNGIgnoreDemo" name="test3" time="0.004"/>
  <system-out/>
  <testcase classname="demo.TestNGIgnoreDemo" name="test1">
    <skipped/>
  </testcase> <!-- test1 -->
  <system-out/>
</testsuite> <!-- demo.TestNGIgnoreDemo -->
