<?xml version="1.0" encoding="UTF-8"?>
<!-- Generated by org.testng.reporters.JUnitReportReporter -->
<testsuite hostname="DESKTOP-3HN3UQ3" failures="0" tests="2" name="demo.TestNGMultiBrowserDemo" time="12.714" errors="0" timestamp="9 Jun 2022 15:33:35 GMT">
  <testcase classname="demo.TestNGMultiBrowserDemo" name="test1" time="6.736"/>
  <testcase classname="demo.TestNGMultiBrowserDemo" name="test1" time="5.978"/>
</testsuite> <!-- demo.TestNGMultiBrowserDemo -->
