<?xml version="1.0" encoding="UTF-8"?>
<!-- Generated by org.testng.reporters.JUnitReportReporter -->
<testsuite hostname="DESKTOP-3HN3UQ3" failures="0" tests="1" name="demo.TestNGParametersDemo" time="0.005" errors="0" timestamp="11 Jun 2022 22:03:26 GMT">
  <testcase classname="demo.TestNGParametersDemo" name="test" time="0.005"/>
</testsuite> <!-- demo.TestNGParametersDemo -->
